Change component parameters: Designator = "C15" ("C15"); Footprint = "CAP_0603"; UniqueID = "\RXHUSMKT" ("\RXHUSMKT")
Change component parameters (AddParameter): Name = ""; Value = ""; VariantName = "[No Variations]"
Change component parameters (AddParameter): Name = "Capacitance"; Value = "22pF"; VariantName = "[No Variations]"
Change component parameters (AddParameter): Name = "Capacitance Tolerance"; Value = "+/-10%"; VariantName = "[No Variations]"
Change component parameters (AddParameter): Name = "ComponentLink1Description"; Value = "Manufacturer"; VariantName = "[No Variations]"
Change component parameters (AddParameter): Name = "ComponentLink1URL"; Value = "Thegioiic"; VariantName = "[No Variations]"
Change component parameters (AddParameter): Name = "ComponentLink2Description"; Value = "Datasheet"; VariantName = "[No Variations]"
Change component parameters (AddParameter): Name = "ComponentLink2URL"; Value = ""; VariantName = "[No Variations]"
Change component parameters (AddParameter): Name = "Height"; Value = ""; VariantName = "[No Variations]"
Change component parameters (AddParameter): Name = "Mounting Technology"; Value = "SMT"; VariantName = "[No Variations]"
Change component parameters (AddParameter): Name = "Operating Temperature"; Value = "-55 to +125degC"; VariantName = "[No Variations]"
Change component parameters (AddParameter): Name = "Packaging"; Value = "Tape and Reel"; VariantName = "[No Variations]"
Change component parameters (AddParameter): Name = "Size"; Value = "0603"; VariantName = "[No Variations]"
Change component parameters (AddParameter): Name = "Supply 1 name"; Value = ""; VariantName = "[No Variations]"
Change component parameters (AddParameter): Name = "Supply 1 SN"; Value = ""; VariantName = "[No Variations]"
Change component parameters (AddParameter): Name = "Supply 1 URL"; Value = ""; VariantName = "[No Variations]"
Change component parameters (AddParameter): Name = "Supply 2 name"; Value = "Thegioiic"; VariantName = "[No Variations]"
Change component parameters (AddParameter): Name = "Supply 2 SN"; Value = ""; VariantName = "[No Variations]"
Change component parameters (AddParameter): Name = "Supply 2 URL"; Value = "https://www.thegioiic.com/tu-gom-0603-22pf-50v"; VariantName = "[No Variations]"
Change component parameters (AddParameter): Name = "Technical Reference"; Value = ""; VariantName = "[No Variations]"
Change component parameters: Designator = "C16" ("C16"); Footprint = "CAP_0603"; UniqueID = "\TQGFPROX" ("\TQGFPROX")
Change component parameters (AddParameter): Name = ""; Value = ""; VariantName = "[No Variations]"
Change component parameters (AddParameter): Name = "Capacitance"; Value = "22pF"; VariantName = "[No Variations]"
Change component parameters (AddParameter): Name = "Capacitance Tolerance"; Value = "+/-10%"; VariantName = "[No Variations]"
Change component parameters (AddParameter): Name = "ComponentLink1Description"; Value = "Manufacturer"; VariantName = "[No Variations]"
Change component parameters (AddParameter): Name = "ComponentLink1URL"; Value = "Thegioiic"; VariantName = "[No Variations]"
Change component parameters (AddParameter): Name = "ComponentLink2Description"; Value = "Datasheet"; VariantName = "[No Variations]"
Change component parameters (AddParameter): Name = "ComponentLink2URL"; Value = ""; VariantName = "[No Variations]"
Change component parameters (AddParameter): Name = "Height"; Value = ""; VariantName = "[No Variations]"
Change component parameters (AddParameter): Name = "Mounting Technology"; Value = "SMT"; VariantName = "[No Variations]"
Change component parameters (AddParameter): Name = "Operating Temperature"; Value = "-55 to +125degC"; VariantName = "[No Variations]"
Change component parameters (AddParameter): Name = "Packaging"; Value = "Tape and Reel"; VariantName = "[No Variations]"
Change component parameters (AddParameter): Name = "Size"; Value = "0603"; VariantName = "[No Variations]"
Change component parameters (AddParameter): Name = "Supply 1 name"; Value = ""; VariantName = "[No Variations]"
Change component parameters (AddParameter): Name = "Supply 1 SN"; Value = ""; VariantName = "[No Variations]"
Change component parameters (AddParameter): Name = "Supply 1 URL"; Value = ""; VariantName = "[No Variations]"
Change component parameters (AddParameter): Name = "Supply 2 name"; Value = "Thegioiic"; VariantName = "[No Variations]"
Change component parameters (AddParameter): Name = "Supply 2 SN"; Value = ""; VariantName = "[No Variations]"
Change component parameters (AddParameter): Name = "Supply 2 URL"; Value = "https://www.thegioiic.com/tu-gom-0603-22pf-50v"; VariantName = "[No Variations]"
Change component parameters (AddParameter): Name = "Technical Reference"; Value = ""; VariantName = "[No Variations]"
Change component parameters: Designator = "C23" ("C23"); Footprint = "CAP_0603"; UniqueID = "\RLBKBXDG" ("\RLBKBXDG")
Change component parameters (AddParameter): Name = ""; Value = ""; VariantName = "[No Variations]"
Change component parameters (AddParameter): Name = "Capacitance"; Value = "22pF"; VariantName = "[No Variations]"
Change component parameters (AddParameter): Name = "Capacitance Tolerance"; Value = "+/-10%"; VariantName = "[No Variations]"
Change component parameters (AddParameter): Name = "ComponentLink1Description"; Value = "Manufacturer"; VariantName = "[No Variations]"
Change component parameters (AddParameter): Name = "ComponentLink1URL"; Value = "Thegioiic"; VariantName = "[No Variations]"
Change component parameters (AddParameter): Name = "ComponentLink2Description"; Value = "Datasheet"; VariantName = "[No Variations]"
Change component parameters (AddParameter): Name = "ComponentLink2URL"; Value = ""; VariantName = "[No Variations]"
Change component parameters (AddParameter): Name = "Height"; Value = ""; VariantName = "[No Variations]"
Change component parameters (AddParameter): Name = "Mounting Technology"; Value = "SMT"; VariantName = "[No Variations]"
Change component parameters (AddParameter): Name = "Operating Temperature"; Value = "-55 to +125degC"; VariantName = "[No Variations]"
Change component parameters (AddParameter): Name = "Packaging"; Value = "Tape and Reel"; VariantName = "[No Variations]"
Change component parameters (AddParameter): Name = "Size"; Value = "0603"; VariantName = "[No Variations]"
Change component parameters (AddParameter): Name = "Supply 1 name"; Value = ""; VariantName = "[No Variations]"
Change component parameters (AddParameter): Name = "Supply 1 SN"; Value = ""; VariantName = "[No Variations]"
Change component parameters (AddParameter): Name = "Supply 1 URL"; Value = ""; VariantName = "[No Variations]"
Change component parameters (AddParameter): Name = "Supply 2 name"; Value = "Thegioiic"; VariantName = "[No Variations]"
Change component parameters (AddParameter): Name = "Supply 2 SN"; Value = ""; VariantName = "[No Variations]"
Change component parameters (AddParameter): Name = "Supply 2 URL"; Value = "https://www.thegioiic.com/tu-gom-0603-22pf-50v"; VariantName = "[No Variations]"
Change component parameters (AddParameter): Name = "Technical Reference"; Value = ""; VariantName = "[No Variations]"
Change component parameters: Designator = "C24" ("C24"); Footprint = "CAP_0603"; UniqueID = "\FJVJMTWV" ("\FJVJMTWV")
Change component parameters (AddParameter): Name = ""; Value = ""; VariantName = "[No Variations]"
Change component parameters (AddParameter): Name = "Capacitance"; Value = "22pF"; VariantName = "[No Variations]"
Change component parameters (AddParameter): Name = "Capacitance Tolerance"; Value = "+/-10%"; VariantName = "[No Variations]"
Change component parameters (AddParameter): Name = "ComponentLink1Description"; Value = "Manufacturer"; VariantName = "[No Variations]"
Change component parameters (AddParameter): Name = "ComponentLink1URL"; Value = "Thegioiic"; VariantName = "[No Variations]"
Change component parameters (AddParameter): Name = "ComponentLink2Description"; Value = "Datasheet"; VariantName = "[No Variations]"
Change component parameters (AddParameter): Name = "ComponentLink2URL"; Value = ""; VariantName = "[No Variations]"
Change component parameters (AddParameter): Name = "Height"; Value = ""; VariantName = "[No Variations]"
Change component parameters (AddParameter): Name = "Mounting Technology"; Value = "SMT"; VariantName = "[No Variations]"
Change component parameters (AddParameter): Name = "Operating Temperature"; Value = "-55 to +125degC"; VariantName = "[No Variations]"
Change component parameters (AddParameter): Name = "Packaging"; Value = "Tape and Reel"; VariantName = "[No Variations]"
Change component parameters (AddParameter): Name = "Size"; Value = "0603"; VariantName = "[No Variations]"
Change component parameters (AddParameter): Name = "Supply 1 name"; Value = ""; VariantName = "[No Variations]"
Change component parameters (AddParameter): Name = "Supply 1 SN"; Value = ""; VariantName = "[No Variations]"
Change component parameters (AddParameter): Name = "Supply 1 URL"; Value = ""; VariantName = "[No Variations]"
Change component parameters (AddParameter): Name = "Supply 2 name"; Value = "Thegioiic"; VariantName = "[No Variations]"
Change component parameters (AddParameter): Name = "Supply 2 SN"; Value = ""; VariantName = "[No Variations]"
Change component parameters (AddParameter): Name = "Supply 2 URL"; Value = "https://www.thegioiic.com/tu-gom-0603-22pf-50v"; VariantName = "[No Variations]"
Change component parameters (AddParameter): Name = "Technical Reference"; Value = ""; VariantName = "[No Variations]"
Added Member To Class: ClassName=Output Member=Component RL1 HF46F
Added Member To Class: ClassName=Output Member=Component RL2 HF46F
Added Member To Class: ClassName=Output Member=Component RL3 HF46F
Added Member To Class: ClassName=Output Member=Component RL4 HF46F
Added Member To Class: ClassName=Output Member=Component U7 PC817X2NIPW
Added Member To Class: ClassName=Output Member=Component U8 PC817X2NIPW
Added Member To Class: ClassName=Output Member=Component U9 PC817X2NIPW
Added Member To Class: ClassName=Output Member=Component U10 PC817X2NIPW
Added Member To Class: ClassName=Sheet1 Member=Component U11 LM393_Module
Added Member To Class: ClassName=Sheet1 Member=Component U12 DHT11_Module
